* d627842 - 2022-05-11 17:37:42 +0100 : added brief
* b813f0d - 2022-05-11 17:33:25 +0100 : implemented brief requirements
*   b2a8219 - 2022-05-11 17:32:41 +0100 : Merge branch 'main' of https://github.com/xargon666/auguste-LAP01A02-Google-Project
|\  
| * 9e8d114 - 2022-05-11 17:01:45 +0100 : Update README.md
* | a0185fb - 2022-05-11 17:17:04 +0100 : add results-ul to index.html
* | 7bde857 - 2022-05-11 17:15:15 +0100 : add function to script.js to hide main
|/  
*   aa272ce - 2022-05-11 17:00:00 +0100 : Merge pull request #5 from xargon666/clone-style
|\  
| *   6d2a263 - 2022-05-11 16:59:45 +0100 : Merge branch 'main' into clone-style
| |\  
| |/  
|/|   
* | 6ded2c7 - 2022-05-11 16:50:33 +0100 : more work on scripts, trying to select new page elements
* |   f2b617a - 2022-05-11 16:18:57 +0100 : Merge branch 'ApiDev'
|\ \  
| * | eb6ad09 - 2022-05-11 16:14:28 +0100 : more work to script.js
* | | e9582e8 - 2022-05-11 16:15:14 +0100 : Merge pull request #4 from xargon666/ApiDev
|\| | 
| * | 2507b15 - 2022-05-11 16:04:24 +0100 : update readme, further work on app.js code
| * | 9b940f1 - 2022-05-11 15:56:09 +0100 : ran npm install, npm init -y
| * | 766b047 - 2022-05-11 15:54:42 +0100 : add open new window function, target element code
| * | 9f96241 - 2022-05-11 15:48:12 +0100 : add route for random movie
| * | 89781fd - 2022-05-11 15:34:44 +0100 : add more to script.js for submit button functions
| * | 1efa745 - 2022-05-11 15:23:41 +0100 : add results.html, start changes to function
| * | 1046251 - 2022-05-11 15:21:23 +0100 : add comments to server/app.js
| * | b57eb41 - 2022-05-11 15:10:11 +0100 : add searchbar element selector
| * | 4c1eb8f - 2022-05-11 15:08:16 +0100 : add fetch functions to client
| * | 07e0b16 - 2022-05-11 15:03:43 +0100 : add button ids
|/ /  
| * 5bc386c - 2022-05-11 16:52:14 +0100 : add styling and footer inline
|/  
* 257c58f - 2022-05-11 14:56:13 +0100 : sort out folder structure for server and client
*   da46801 - 2022-05-11 14:50:45 +0100 : Merge pull request #3 from xargon666/main
|\  
| *   b63930a - 2022-05-11 14:35:19 +0100 : Merge branch 'main' of https://github.com/xargon666/auguste-LAP01A02-Google-Project
| |\  
| * \   de0d774 - 2022-05-11 14:33:52 +0100 : Merge branch 'ApiDev'
| |\ \  
* | \ \   618de77 - 2022-05-11 14:50:06 +0100 : amend index.html link paths
|\ \ \ \  
| * \ \ \   6532bfe - 2022-05-11 14:48:51 +0100 : merge changes
| |\ \ \ \  
| * \ \ \ \   d5585b7 - 2022-05-11 14:25:59 +0100 : Merge branch 'ApiDev' merging main into dev branch
| |\ \ \ \ \  
| | | |_|/ /  
| | |/| | /   
| | |_|_|/    
| |/| | |     
| * | | |   747e9da - 2022-05-11 14:19:16 +0100 : Merge pull request #2 from xargon666/ApiDev
| |\ \ \ \  
| | |_|_|/  
| |/| | |   
| * | | | e9c5180 - 2022-05-11 14:11:56 +0100 : add more styles to mimic google, add images, add elements to index.html, add links
| * | | |   e386de3 - 2022-05-11 12:10:02 +0100 : Merge pull request #1 from xargon666/ApiDev
| |\ \ \ \  
| * \ \ \ \   d919629 - 2022-05-11 12:02:53 +0100 : apiKey
| |\ \ \ \ \  
| * | | | | | 6ec7bab - 2022-05-11 10:54:18 +0100 : changes to style; button:hover test
* | | | | | | 8ad540a - 2022-05-11 14:49:15 +0100 : amended index.html paths
| |_|_|_|_|/  
|/| | | | |   
* | | | | | c94fae3 - 2022-05-11 14:42:53 +0100 : moved files into client
| |_|_|_|/  
|/| | | |   
* | | | | 15132b6 - 2022-05-11 14:25:13 +0100 : delete code
| |_|_|/  
|/| | |   
* | | | b57f79c - 2022-05-11 14:04:53 +0100 : add server routes and data array
| |_|/  
|/| |   
* | | 833379a - 2022-05-11 12:08:58 +0100 : add server and data.js
| |/  
|/|   
* | 02a000d - 2022-05-11 10:27:40 +0100 : add api key
|/  
*   d6c864d - 2022-05-11 10:15:27 +0100 : add search bar
|\  
| * 207a8d9 - 2022-05-11 09:56:47 +0100 : add logo-banner
| * 8655298 - 2022-05-11 09:55:26 +0100 : add initial site structure
* | 34a47bc - 2022-05-11 10:13:00 +0100 : add search bar
|/  
* dcd83a3 - 2022-05-11 09:35:18 +0100 : defer script
* e9de1f4 - 2022-05-11 09:34:43 +0100 : add barebones site files, add img files, setup favicon.ico, update readme, add links to index.html for style.css and script.js
* 42cf15c - 2022-05-11 09:11:49 +0100 : Update README.md
* d52179e - 2022-05-11 09:00:34 +0100 : Initial commit